-------------------------------------------------------------------------------
Test set: com.estapar.parking.controller.WebhookControllerTest
-------------------------------------------------------------------------------
Tests run: 26, Failures: 0, Errors: 11, Skipped: 0, Time elapsed: 2.943 s <<< FAILURE! - in com.estapar.parking.controller.WebhookControllerTest
com.estapar.parking.controller.WebhookControllerTest.testHandleExitSuccess  Time elapsed: 0.075 s  <<< ERROR!
org.mockito.exceptions.base.MockitoException: 

Only void methods can doNothing()!
Example of correct use of doNothing():
    doNothing().
    doThrow(new RuntimeException())
    .when(mock).someVoidMethod();
Above means:
someVoidMethod() does nothing the 1st time but throws an exception the 2nd time is called
	at com.estapar.parking.service.ParkingService.handleExit(ParkingService.java:138)
	at com.estapar.parking.controller.WebhookControllerTest.testHandleExitSuccess(WebhookControllerTest.java:129)
	at java.base/java.lang.reflect.Method.invoke(Method.java:580)
	at java.base/java.util.ArrayList.forEach(ArrayList.java:1596)
	at java.base/java.util.ArrayList.forEach(ArrayList.java:1596)

com.estapar.parking.controller.WebhookControllerTest.testHandleParkedLowerCase  Time elapsed: 0.03 s  <<< ERROR!
org.mockito.exceptions.base.MockitoException: 

Only void methods can doNothing()!
Example of correct use of doNothing():
    doNothing().
    doThrow(new RuntimeException())
    .when(mock).someVoidMethod();
Above means:
someVoidMethod() does nothing the 1st time but throws an exception the 2nd time is called
	at com.estapar.parking.service.ParkingService.handleParked(ParkingService.java:95)
	at com.estapar.parking.controller.WebhookControllerTest.testHandleParkedLowerCase(WebhookControllerTest.java:389)
	at java.base/java.lang.reflect.Method.invoke(Method.java:580)
	at java.base/java.util.ArrayList.forEach(ArrayList.java:1596)
	at java.base/java.util.ArrayList.forEach(ArrayList.java:1596)

com.estapar.parking.controller.WebhookControllerTest.testOnlyParkedCallsHandleParked  Time elapsed: 0.011 s  <<< ERROR!
org.mockito.exceptions.base.MockitoException: 

Only void methods can doNothing()!
Example of correct use of doNothing():
    doNothing().
    doThrow(new RuntimeException())
    .when(mock).someVoidMethod();
Above means:
someVoidMethod() does nothing the 1st time but throws an exception the 2nd time is called
	at com.estapar.parking.service.ParkingService.handleEntry(ParkingService.java:38)
	at com.estapar.parking.controller.WebhookControllerTest.testOnlyParkedCallsHandleParked(WebhookControllerTest.java:530)
	at java.base/java.lang.reflect.Method.invoke(Method.java:580)
	at java.base/java.util.ArrayList.forEach(ArrayList.java:1596)
	at java.base/java.util.ArrayList.forEach(ArrayList.java:1596)

com.estapar.parking.controller.WebhookControllerTest.testHandleCompleteSequence  Time elapsed: 0.009 s  <<< ERROR!
org.mockito.exceptions.base.MockitoException: 

Only void methods can doNothing()!
Example of correct use of doNothing():
    doNothing().
    doThrow(new RuntimeException())
    .when(mock).someVoidMethod();
Above means:
someVoidMethod() does nothing the 1st time but throws an exception the 2nd time is called
	at com.estapar.parking.service.ParkingService.handleEntry(ParkingService.java:38)
	at com.estapar.parking.controller.WebhookControllerTest.testHandleCompleteSequence(WebhookControllerTest.java:476)
	at java.base/java.lang.reflect.Method.invoke(Method.java:580)
	at java.base/java.util.ArrayList.forEach(ArrayList.java:1596)
	at java.base/java.util.ArrayList.forEach(ArrayList.java:1596)

com.estapar.parking.controller.WebhookControllerTest.testHandleEntryLowerCase  Time elapsed: 0.011 s  <<< ERROR!
org.mockito.exceptions.base.MockitoException: 

Only void methods can doNothing()!
Example of correct use of doNothing():
    doNothing().
    doThrow(new RuntimeException())
    .when(mock).someVoidMethod();
Above means:
someVoidMethod() does nothing the 1st time but throws an exception the 2nd time is called
	at com.estapar.parking.service.ParkingService.handleEntry(ParkingService.java:38)
	at com.estapar.parking.controller.WebhookControllerTest.testHandleEntryLowerCase(WebhookControllerTest.java:372)
	at java.base/java.lang.reflect.Method.invoke(Method.java:580)
	at java.base/java.util.ArrayList.forEach(ArrayList.java:1596)
	at java.base/java.util.ArrayList.forEach(ArrayList.java:1596)

com.estapar.parking.controller.WebhookControllerTest.testOnlyEntryCallsHandleEntry  Time elapsed: 0.017 s  <<< ERROR!
org.mockito.exceptions.base.MockitoException: 

Only void methods can doNothing()!
Example of correct use of doNothing():
    doNothing().
    doThrow(new RuntimeException())
    .when(mock).someVoidMethod();
Above means:
someVoidMethod() does nothing the 1st time but throws an exception the 2nd time is called
	at com.estapar.parking.service.ParkingService.handleEntry(ParkingService.java:38)
	at com.estapar.parking.controller.WebhookControllerTest.testOnlyEntryCallsHandleEntry(WebhookControllerTest.java:510)
	at java.base/java.lang.reflect.Method.invoke(Method.java:580)
	at java.base/java.util.ArrayList.forEach(ArrayList.java:1596)
	at java.base/java.util.ArrayList.forEach(ArrayList.java:1596)

com.estapar.parking.controller.WebhookControllerTest.testHandleEntrySuccess  Time elapsed: 0.008 s  <<< ERROR!
org.mockito.exceptions.base.MockitoException: 

Only void methods can doNothing()!
Example of correct use of doNothing():
    doNothing().
    doThrow(new RuntimeException())
    .when(mock).someVoidMethod();
Above means:
someVoidMethod() does nothing the 1st time but throws an exception the 2nd time is called
	at com.estapar.parking.service.ParkingService.handleEntry(ParkingService.java:38)
	at com.estapar.parking.controller.WebhookControllerTest.testHandleEntrySuccess(WebhookControllerTest.java:91)
	at java.base/java.lang.reflect.Method.invoke(Method.java:580)
	at java.base/java.util.ArrayList.forEach(ArrayList.java:1596)
	at java.base/java.util.ArrayList.forEach(ArrayList.java:1596)

com.estapar.parking.controller.WebhookControllerTest.testHandleParkedSuccess  Time elapsed: 0.028 s  <<< ERROR!
org.mockito.exceptions.base.MockitoException: 

Only void methods can doNothing()!
Example of correct use of doNothing():
    doNothing().
    doThrow(new RuntimeException())
    .when(mock).someVoidMethod();
Above means:
someVoidMethod() does nothing the 1st time but throws an exception the 2nd time is called
	at com.estapar.parking.service.ParkingService.handleParked(ParkingService.java:95)
	at com.estapar.parking.controller.WebhookControllerTest.testHandleParkedSuccess(WebhookControllerTest.java:110)
	at java.base/java.lang.reflect.Method.invoke(Method.java:580)
	at java.base/java.util.ArrayList.forEach(ArrayList.java:1596)
	at java.base/java.util.ArrayList.forEach(ArrayList.java:1596)

com.estapar.parking.controller.WebhookControllerTest.testHandleMultipleEntryEvents  Time elapsed: 0.024 s  <<< ERROR!
org.mockito.exceptions.base.MockitoException: 

Only void methods can doNothing()!
Example of correct use of doNothing():
    doNothing().
    doThrow(new RuntimeException())
    .when(mock).someVoidMethod();
Above means:
someVoidMethod() does nothing the 1st time but throws an exception the 2nd time is called
	at com.estapar.parking.service.ParkingService.handleEntry(ParkingService.java:38)
	at com.estapar.parking.controller.WebhookControllerTest.testHandleMultipleEntryEvents(WebhookControllerTest.java:454)
	at java.base/java.lang.reflect.Method.invoke(Method.java:580)
	at java.base/java.util.ArrayList.forEach(ArrayList.java:1596)
	at java.base/java.util.ArrayList.forEach(ArrayList.java:1596)

com.estapar.parking.controller.WebhookControllerTest.testOnlyExitCallsHandleExit  Time elapsed: 0.015 s  <<< ERROR!
org.mockito.exceptions.base.MockitoException: 

Only void methods can doNothing()!
Example of correct use of doNothing():
    doNothing().
    doThrow(new RuntimeException())
    .when(mock).someVoidMethod();
Above means:
someVoidMethod() does nothing the 1st time but throws an exception the 2nd time is called
	at com.estapar.parking.service.ParkingService.handleEntry(ParkingService.java:38)
	at com.estapar.parking.controller.WebhookControllerTest.testOnlyExitCallsHandleExit(WebhookControllerTest.java:550)
	at java.base/java.lang.reflect.Method.invoke(Method.java:580)
	at java.base/java.util.ArrayList.forEach(ArrayList.java:1596)
	at java.base/java.util.ArrayList.forEach(ArrayList.java:1596)

com.estapar.parking.controller.WebhookControllerTest.testHandleExitLowerCase  Time elapsed: 0.008 s  <<< ERROR!
org.mockito.exceptions.base.MockitoException: 

Only void methods can doNothing()!
Example of correct use of doNothing():
    doNothing().
    doThrow(new RuntimeException())
    .when(mock).someVoidMethod();
Above means:
someVoidMethod() does nothing the 1st time but throws an exception the 2nd time is called
	at com.estapar.parking.service.ParkingService.handleExit(ParkingService.java:138)
	at com.estapar.parking.controller.WebhookControllerTest.testHandleExitLowerCase(WebhookControllerTest.java:406)
	at java.base/java.lang.reflect.Method.invoke(Method.java:580)
	at java.base/java.util.ArrayList.forEach(ArrayList.java:1596)
	at java.base/java.util.ArrayList.forEach(ArrayList.java:1596)

