-------------------------------------------------------------------------------
Test set: com.estapar.parking.controller.RevenueControllerTest
-------------------------------------------------------------------------------
Tests run: 29, Failures: 2, Errors: 0, Skipped: 0, Time elapsed: 14.804 s <<< FAILURE! - in com.estapar.parking.controller.RevenueControllerTest
com.estapar.parking.controller.RevenueControllerTest.testGetRevenueWithNullDate  Time elapsed: 0.051 s  <<< FAILURE!
java.lang.AssertionError: Status expected:<400> but was:<200>
	at org.springframework.test.util.AssertionErrors.fail(AssertionErrors.java:59)
	at org.springframework.test.util.AssertionErrors.assertEquals(AssertionErrors.java:122)
	at org.springframework.test.web.servlet.result.StatusResultMatchers.lambda$matcher$9(StatusResultMatchers.java:637)
	at org.springframework.test.web.servlet.MockMvc$1.andExpect(MockMvc.java:214)
	at com.estapar.parking.controller.RevenueControllerTest.testGetRevenueWithNullDate(RevenueControllerTest.java:285)
	at java.base/java.lang.reflect.Method.invoke(Method.java:580)
	at java.base/java.util.ArrayList.forEach(ArrayList.java:1596)
	at java.base/java.util.ArrayList.forEach(ArrayList.java:1596)

com.estapar.parking.controller.RevenueControllerTest.testGetRevenueWithEmptyPayload  Time elapsed: 0.07 s  <<< FAILURE!
java.lang.AssertionError: Status expected:<400> but was:<200>
	at org.springframework.test.util.AssertionErrors.fail(AssertionErrors.java:59)
	at org.springframework.test.util.AssertionErrors.assertEquals(AssertionErrors.java:122)
	at org.springframework.test.web.servlet.result.StatusResultMatchers.lambda$matcher$9(StatusResultMatchers.java:637)
	at org.springframework.test.web.servlet.MockMvc$1.andExpect(MockMvc.java:214)
	at com.estapar.parking.controller.RevenueControllerTest.testGetRevenueWithEmptyPayload(RevenueControllerTest.java:311)
	at java.base/java.lang.reflect.Method.invoke(Method.java:580)
	at java.base/java.util.ArrayList.forEach(ArrayList.java:1596)
	at java.base/java.util.ArrayList.forEach(ArrayList.java:1596)

