<?xml version="1.0" encoding="UTF-8"?>
<testsuite xmlns:xsi="http://www.w3.org/2001/XMLSchema-instance" xsi:noNamespaceSchemaLocation="https://maven.apache.org/surefire/maven-surefire-plugin/xsd/surefire-test-report-3.0.xsd" version="3.0" name="com.estapar.parking.controller.RevenueControllerTest" time="14.804" tests="29" errors="0" skipped="0" failures="2">
  <properties>
[...]
</properties>
  <testcase name="testServiceNotCalledOnParsingException" classname="com.estapar.parking.controller.RevenueControllerTest" time="1.362">
    <system-out><![CDATA[17:16:34.090 [main] INFO org.springframework.test.context.support.AnnotationConfigContextLoaderUtils -- Could not detect default configuration classes for test class [com.estapar.parking.controller.RevenueControllerTest]: RevenueControllerTest does not declare any static, non-private, non-final, nested classes annotated with @Configuration.
17:16:34.563 [main] INFO org.springframework.boot.test.context.SpringBootTestContextBootstrapper -- Found @SpringBootConfiguration com.estapar.parking.ParkingApplication for test class com.estapar.parking.controller.RevenueControllerTest

  .   ____          _            __ _ _
 /\\ / ___'_ __ _ _(_)_ __  __ _ \ \ \ \
( ( )\___ | '_ | '_| | '_ \/ _` | \ \ \ \
 \\/  ___)| |_)| | | | | || (_| |  ) ) ) )
  '  |____| .__|_| |_|_| |_\__, | / / / /
 =========|_|==============|___/=/_/_/_/
 :: Spring Boot ::                (v3.2.0)

2025-10-27T17:16:35.845-03:00  INFO 16908 --- [estapar-parking] [           main] c.e.p.controller.RevenueControllerTest   : Starting RevenueControllerTest using Java 21.0.8 with PID 16908 (started by will_ in C:\Projeto\parking)
2025-10-27T17:16:35.849-03:00 DEBUG 16908 --- [estapar-parking] [           main] c.e.p.controller.RevenueControllerTest   : Running with Spring Boot v3.2.0, Spring v6.1.1
2025-10-27T17:16:35.850-03:00  INFO 16908 --- [estapar-parking] [           main] c.e.p.controller.RevenueControllerTest   : No active profile set, falling back to 1 default profile: "default"
2025-10-27T17:16:44.944-03:00  INFO 16908 --- [estapar-parking] [           main] o.s.b.t.m.w.SpringBootMockServletContext : Initializing Spring TestDispatcherServlet ''
2025-10-27T17:16:44.947-03:00  INFO 16908 --- [estapar-parking] [           main] o.s.t.web.servlet.TestDispatcherServlet  : Initializing Servlet ''
2025-10-27T17:16:44.965-03:00  INFO 16908 --- [estapar-parking] [           main] o.s.t.web.servlet.TestDispatcherServlet  : Completed initialization in 12 ms
2025-10-27T17:16:45.033-03:00  INFO 16908 --- [estapar-parking] [           main] c.e.p.controller.RevenueControllerTest   : Started RevenueControllerTest in 10.149 seconds (process running for 13.934)
2025-10-27T17:16:46.266-03:00  WARN 16908 --- [estapar-parking] [           main] .w.s.m.s.DefaultHandlerExceptionResolver : Resolved [org.springframework.http.converter.HttpMessageNotReadableException: JSON parse error: Unexpected character ('i' (code 105)): was expecting double-quote to start field name]
]]></system-out>
    <system-err><![CDATA[WARNING: A Java agent has been loaded dynamically (C:\Users\will_\.m2\repository\net\bytebuddy\byte-buddy-agent\1.14.10\byte-buddy-agent-1.14.10.jar)
WARNING: If a serviceability tool is in use, please run with -XX:+EnableDynamicAgentLoading to hide this warning
WARNING: If a serviceability tool is not in use, please run with -Djdk.instrument.traceUsage for more information
WARNING: Dynamic loading of agents will be disallowed by default in a future release
]]></system-err>
  </testcase>
  <testcase name="testGetRevenueWithLargeAmount" classname="com.estapar.parking.controller.RevenueControllerTest" time="0.386">
    <system-out><![CDATA[
MockHttpServletRequest:
      HTTP Method = GET
      Request URI = /revenue
       Parameters = {}
          Headers = [Content-Type:"application/json;charset=UTF-8", Content-Length:"34"]
             Body = {"date":"2024-01-15","sector":"A"}
    Session Attrs = {}

Handler:
             Type = com.estapar.parking.controller.RevenueController
           Method = com.estapar.parking.controller.RevenueController#getRevenue(RevenueRequestDTO)

Async:
    Async started = false
     Async result = null

Resolved Exception:
             Type = null

ModelAndView:
        View name = null
             View = null
            Model = null

FlashMap:
       Attributes = null

MockHttpServletResponse:
           Status = 200
    Error message = null
          Headers = [Content-Type:"application/json"]
     Content type = application/json
             Body = {"amount":999999.99,"currency":"BRL","timestamp":"2025-10-27T17:16:46.659019"}
    Forwarded URL = null
   Redirected URL = null
          Cookies = []
]]></system-out>
  </testcase>
  <testcase name="testGetRevenueCaseSensitiveSector" classname="com.estapar.parking.controller.RevenueControllerTest" time="0.051"/>
  <testcase name="testCorrectParametersPassedToService" classname="com.estapar.parking.controller.RevenueControllerTest" time="0.053"/>
  <testcase name="testGetRevenueArithmeticException" classname="com.estapar.parking.controller.RevenueControllerTest" time="0.025">
    <system-out><![CDATA[
MockHttpServletRequest:
      HTTP Method = GET
      Request URI = /revenue
       Parameters = {}
          Headers = [Content-Type:"application/json;charset=UTF-8", Content-Length:"34"]
             Body = {"date":"2024-01-15","sector":"A"}
    Session Attrs = {}

Handler:
             Type = com.estapar.parking.controller.RevenueController
           Method = com.estapar.parking.controller.RevenueController#getRevenue(RevenueRequestDTO)

Async:
    Async started = false
     Async result = null

Resolved Exception:
             Type = null

ModelAndView:
        View name = null
             View = null
            Model = null

FlashMap:
       Attributes = null

MockHttpServletResponse:
           Status = 400
    Error message = null
          Headers = []
     Content type = null
             Body = 
    Forwarded URL = null
   Redirected URL = null
          Cookies = []
]]></system-out>
  </testcase>
  <testcase name="testGetRevenueWithFutureDate" classname="com.estapar.parking.controller.RevenueControllerTest" time="0.089">
    <system-out><![CDATA[
MockHttpServletRequest:
      HTTP Method = GET
      Request URI = /revenue
       Parameters = {}
          Headers = [Content-Type:"application/json;charset=UTF-8", Content-Length:"34"]
             Body = {"date":"2025-12-31","sector":"A"}
    Session Attrs = {}

Handler:
             Type = com.estapar.parking.controller.RevenueController
           Method = com.estapar.parking.controller.RevenueController#getRevenue(RevenueRequestDTO)

Async:
    Async started = false
     Async result = null

Resolved Exception:
             Type = null

ModelAndView:
        View name = null
             View = null
            Model = null

FlashMap:
       Attributes = null

MockHttpServletResponse:
           Status = 200
    Error message = null
          Headers = [Content-Type:"application/json"]
     Content type = application/json
             Body = {"amount":0,"currency":"BRL","timestamp":"2025-10-27T17:16:47.1287174"}
    Forwarded URL = null
   Redirected URL = null
          Cookies = []
]]></system-out>
  </testcase>
  <testcase name="testGetRevenueWithNullDate" classname="com.estapar.parking.controller.RevenueControllerTest" time="0.051">
    <failure message="Status expected:&lt;400&gt; but was:&lt;200&gt;" type="java.lang.AssertionError"><![CDATA[java.lang.AssertionError: Status expected:<400> but was:<200>
	at org.springframework.test.util.AssertionErrors.fail(AssertionErrors.java:59)
	at org.springframework.test.util.AssertionErrors.assertEquals(AssertionErrors.java:122)
	at org.springframework.test.web.servlet.result.StatusResultMatchers.lambda$matcher$9(StatusResultMatchers.java:637)
	at org.springframework.test.web.servlet.MockMvc$1.andExpect(MockMvc.java:214)
	at com.estapar.parking.controller.RevenueControllerTest.testGetRevenueWithNullDate(RevenueControllerTest.java:285)
	at java.base/java.lang.reflect.Method.invoke(Method.java:580)
	at java.base/java.util.ArrayList.forEach(ArrayList.java:1596)
	at java.base/java.util.ArrayList.forEach(ArrayList.java:1596)
]]></failure>
    <system-out><![CDATA[
MockHttpServletRequest:
      HTTP Method = GET
      Request URI = /revenue
       Parameters = {}
          Headers = [Content-Type:"application/json;charset=UTF-8", Content-Length:"26"]
             Body = {"date":null,"sector":"A"}
    Session Attrs = {}

Handler:
             Type = com.estapar.parking.controller.RevenueController
           Method = com.estapar.parking.controller.RevenueController#getRevenue(RevenueRequestDTO)

Async:
    Async started = false
     Async result = null

Resolved Exception:
             Type = null

ModelAndView:
        View name = null
             View = null
            Model = null

FlashMap:
       Attributes = null

MockHttpServletResponse:
           Status = 200
    Error message = null
          Headers = [Content-Type:"application/json"]
     Content type = application/json
             Body = {"amount":null,"currency":"BRL","timestamp":"2025-10-27T17:16:47.1897949"}
    Forwarded URL = null
   Redirected URL = null
          Cookies = []

MockHttpServletRequest:
      HTTP Method = GET
      Request URI = /revenue
       Parameters = {}
          Headers = [Content-Type:"application/json;charset=UTF-8", Content-Length:"26"]
             Body = {"date":null,"sector":"A"}
    Session Attrs = {}

Handler:
             Type = com.estapar.parking.controller.RevenueController
           Method = com.estapar.parking.controller.RevenueController#getRevenue(RevenueRequestDTO)

Async:
    Async started = false
     Async result = null

Resolved Exception:
             Type = null

ModelAndView:
        View name = null
             View = null
            Model = null

FlashMap:
       Attributes = null

MockHttpServletResponse:
           Status = 200
    Error message = null
          Headers = [Content-Type:"application/json"]
     Content type = application/json
             Body = {"amount":null,"currency":"BRL","timestamp":"2025-10-27T17:16:47.1897949"}
    Forwarded URL = null
   Redirected URL = null
          Cookies = []
]]></system-out>
  </testcase>
  <testcase name="testGetRevenueTotalAllSectors" classname="com.estapar.parking.controller.RevenueControllerTest" time="0.054">
    <system-out><![CDATA[
MockHttpServletRequest:
      HTTP Method = GET
      Request URI = /revenue
       Parameters = {}
          Headers = [Content-Type:"application/json;charset=UTF-8", Content-Length:"35"]
             Body = {"date":"2024-01-15","sector":null}
    Session Attrs = {}

Handler:
             Type = com.estapar.parking.controller.RevenueController
           Method = com.estapar.parking.controller.RevenueController#getRevenue(RevenueRequestDTO)

Async:
    Async started = false
     Async result = null

Resolved Exception:
             Type = null

ModelAndView:
        View name = null
             View = null
            Model = null

FlashMap:
       Attributes = null

MockHttpServletResponse:
           Status = 200
    Error message = null
          Headers = [Content-Type:"application/json"]
     Content type = application/json
             Body = {"amount":5000.00,"currency":"BRL","timestamp":"2025-10-27T17:16:47.2725272"}
    Forwarded URL = null
   Redirected URL = null
          Cookies = []
]]></system-out>
  </testcase>
  <testcase name="testGetRevenueWithMinDate" classname="com.estapar.parking.controller.RevenueControllerTest" time="0.089">
    <system-out><![CDATA[
MockHttpServletRequest:
      HTTP Method = GET
      Request URI = /revenue
       Parameters = {}
          Headers = [Content-Type:"application/json;charset=UTF-8", Content-Length:"34"]
             Body = {"date":"2000-01-01","sector":"A"}
    Session Attrs = {}

Handler:
             Type = com.estapar.parking.controller.RevenueController
           Method = com.estapar.parking.controller.RevenueController#getRevenue(RevenueRequestDTO)

Async:
    Async started = false
     Async result = null

Resolved Exception:
             Type = null

ModelAndView:
        View name = null
             View = null
            Model = null

FlashMap:
       Attributes = null

MockHttpServletResponse:
           Status = 200
    Error message = null
          Headers = [Content-Type:"application/json"]
     Content type = application/json
             Body = {"amount":0.00,"currency":"BRL","timestamp":"2025-10-27T17:16:47.3552706"}
    Forwarded URL = null
   Redirected URL = null
          Cookies = []
]]></system-out>
  </testcase>
  <testcase name="testResponseEntityOkOnlyOnSuccess" classname="com.estapar.parking.controller.RevenueControllerTest" time="0.025"/>
  <testcase name="testGetRevenueForToday" classname="com.estapar.parking.controller.RevenueControllerTest" time="0.042">
    <system-out><![CDATA[
MockHttpServletRequest:
      HTTP Method = GET
      Request URI = /revenue
       Parameters = {}
          Headers = [Content-Type:"application/json;charset=UTF-8", Content-Length:"34"]
             Body = {"date":"2025-10-27","sector":"A"}
    Session Attrs = {}

Handler:
             Type = com.estapar.parking.controller.RevenueController
           Method = com.estapar.parking.controller.RevenueController#getRevenue(RevenueRequestDTO)

Async:
    Async started = false
     Async result = null

Resolved Exception:
             Type = null

ModelAndView:
        View name = null
             View = null
            Model = null

FlashMap:
       Attributes = null

MockHttpServletResponse:
           Status = 200
    Error message = null
          Headers = [Content-Type:"application/json"]
     Content type = application/json
             Body = {"amount":500.00,"currency":"BRL","timestamp":"2025-10-27T17:16:47.4637095"}
    Forwarded URL = null
   Redirected URL = null
          Cookies = []
]]></system-out>
  </testcase>
  <testcase name="testGetRevenueWithInvalidJson" classname="com.estapar.parking.controller.RevenueControllerTest" time="0.023">
    <system-out><![CDATA[2025-10-27T17:16:47.494-03:00  WARN 16908 --- [estapar-parking] [           main] .w.s.m.s.DefaultHandlerExceptionResolver : Resolved [org.springframework.http.converter.HttpMessageNotReadableException: JSON parse error: Unexpected character ('i' (code 105)): was expecting double-quote to start field name]

MockHttpServletRequest:
      HTTP Method = GET
      Request URI = /revenue
       Parameters = {}
          Headers = [Content-Type:"application/json;charset=UTF-8", Content-Length:"14"]
             Body = {invalid json}
    Session Attrs = {}

Handler:
             Type = com.estapar.parking.controller.RevenueController
           Method = com.estapar.parking.controller.RevenueController#getRevenue(RevenueRequestDTO)

Async:
    Async started = false
     Async result = null

Resolved Exception:
             Type = org.springframework.http.converter.HttpMessageNotReadableException

ModelAndView:
        View name = null
             View = null
            Model = null

FlashMap:
       Attributes = null

MockHttpServletResponse:
           Status = 400
    Error message = null
          Headers = []
     Content type = null
             Body = 
    Forwarded URL = null
   Redirected URL = null
          Cookies = []
]]></system-out>
  </testcase>
  <testcase name="testGetRevenueRuntimeException" classname="com.estapar.parking.controller.RevenueControllerTest" time="0.038">
    <system-out><![CDATA[
MockHttpServletRequest:
      HTTP Method = GET
      Request URI = /revenue
       Parameters = {}
          Headers = [Content-Type:"application/json;charset=UTF-8", Content-Length:"34"]
             Body = {"date":"2024-01-15","sector":"A"}
    Session Attrs = {}

Handler:
             Type = com.estapar.parking.controller.RevenueController
           Method = com.estapar.parking.controller.RevenueController#getRevenue(RevenueRequestDTO)

Async:
    Async started = false
     Async result = null

Resolved Exception:
             Type = null

ModelAndView:
        View name = null
             View = null
            Model = null

FlashMap:
       Attributes = null

MockHttpServletResponse:
           Status = 400
    Error message = null
          Headers = []
     Content type = null
             Body = 
    Forwarded URL = null
   Redirected URL = null
          Cookies = []
]]></system-out>
  </testcase>
  <testcase name="testMultipleConsecutiveRequests" classname="com.estapar.parking.controller.RevenueControllerTest" time="0.058"/>
  <testcase name="testGetRevenueWithPreciseDecimals" classname="com.estapar.parking.controller.RevenueControllerTest" time="0.044">
    <system-out><![CDATA[
MockHttpServletRequest:
      HTTP Method = GET
      Request URI = /revenue
       Parameters = {}
          Headers = [Content-Type:"application/json;charset=UTF-8", Content-Length:"34"]
             Body = {"date":"2024-01-15","sector":"A"}
    Session Attrs = {}

Handler:
             Type = com.estapar.parking.controller.RevenueController
           Method = com.estapar.parking.controller.RevenueController#getRevenue(RevenueRequestDTO)

Async:
    Async started = false
     Async result = null

Resolved Exception:
             Type = null

ModelAndView:
        View name = null
             View = null
            Model = null

FlashMap:
       Attributes = null

MockHttpServletResponse:
           Status = 200
    Error message = null
          Headers = [Content-Type:"application/json"]
     Content type = application/json
             Body = {"amount":1234.56,"currency":"BRL","timestamp":"2025-10-27T17:16:47.6422476"}
    Forwarded URL = null
   Redirected URL = null
          Cookies = []
]]></system-out>
  </testcase>
  <testcase name="testGetRevenueForPastDate" classname="com.estapar.parking.controller.RevenueControllerTest" time="0.037">
    <system-out><![CDATA[
MockHttpServletRequest:
      HTTP Method = GET
      Request URI = /revenue
       Parameters = {}
          Headers = [Content-Type:"application/json;charset=UTF-8", Content-Length:"34"]
             Body = {"date":"2023-12-01","sector":"C"}
    Session Attrs = {}

Handler:
             Type = com.estapar.parking.controller.RevenueController
           Method = com.estapar.parking.controller.RevenueController#getRevenue(RevenueRequestDTO)

Async:
    Async started = false
     Async result = null

Resolved Exception:
             Type = null

ModelAndView:
        View name = null
             View = null
            Model = null

FlashMap:
       Attributes = null

MockHttpServletResponse:
           Status = 200
    Error message = null
          Headers = [Content-Type:"application/json"]
     Content type = application/json
             Body = {"amount":3000.00,"currency":"BRL","timestamp":"2025-10-27T17:16:47.713116"}
    Forwarded URL = null
   Redirected URL = null
          Cookies = []
]]></system-out>
  </testcase>
  <testcase name="testGetRevenueIllegalArgumentException" classname="com.estapar.parking.controller.RevenueControllerTest" time="0.051">
    <system-out><![CDATA[
MockHttpServletRequest:
      HTTP Method = GET
      Request URI = /revenue
       Parameters = {}
          Headers = [Content-Type:"application/json;charset=UTF-8", Content-Length:"34"]
             Body = {"date":"2024-01-15","sector":"A"}
    Session Attrs = {}

Handler:
             Type = com.estapar.parking.controller.RevenueController
           Method = com.estapar.parking.controller.RevenueController#getRevenue(RevenueRequestDTO)

Async:
    Async started = false
     Async result = null

Resolved Exception:
             Type = null

ModelAndView:
        View name = null
             View = null
            Model = null

FlashMap:
       Attributes = null

MockHttpServletResponse:
           Status = 400
    Error message = null
          Headers = []
     Content type = null
             Body = 
    Forwarded URL = null
   Redirected URL = null
          Cookies = []
]]></system-out>
  </testcase>
  <testcase name="testGetRevenueMultipleSectors" classname="com.estapar.parking.controller.RevenueControllerTest" time="0.099"/>
  <testcase name="testGetRevenueWithNumericSector" classname="com.estapar.parking.controller.RevenueControllerTest" time="0.028">
    <system-out><![CDATA[
MockHttpServletRequest:
      HTTP Method = GET
      Request URI = /revenue
       Parameters = {}
          Headers = [Content-Type:"application/json;charset=UTF-8", Content-Length:"36"]
             Body = {"date":"2024-01-15","sector":"123"}
    Session Attrs = {}

Handler:
             Type = com.estapar.parking.controller.RevenueController
           Method = com.estapar.parking.controller.RevenueController#getRevenue(RevenueRequestDTO)

Async:
    Async started = false
     Async result = null

Resolved Exception:
             Type = null

ModelAndView:
        View name = null
             View = null
            Model = null

FlashMap:
       Attributes = null

MockHttpServletResponse:
           Status = 200
    Error message = null
          Headers = [Content-Type:"application/json"]
     Content type = application/json
             Body = {"amount":850.00,"currency":"BRL","timestamp":"2025-10-27T17:16:47.9125878"}
    Forwarded URL = null
   Redirected URL = null
          Cookies = []
]]></system-out>
  </testcase>
  <testcase name="testResponseEntityBadRequestOnException" classname="com.estapar.parking.controller.RevenueControllerTest" time="0.017"/>
  <testcase name="testGetRevenueSuccess" classname="com.estapar.parking.controller.RevenueControllerTest" time="0.03">
    <system-out><![CDATA[
MockHttpServletRequest:
      HTTP Method = GET
      Request URI = /revenue
       Parameters = {}
          Headers = [Content-Type:"application/json;charset=UTF-8", Content-Length:"34"]
             Body = {"date":"2024-01-15","sector":"A"}
    Session Attrs = {}

Handler:
             Type = com.estapar.parking.controller.RevenueController
           Method = com.estapar.parking.controller.RevenueController#getRevenue(RevenueRequestDTO)

Async:
    Async started = false
     Async result = null

Resolved Exception:
             Type = null

ModelAndView:
        View name = null
             View = null
            Model = null

FlashMap:
       Attributes = null

MockHttpServletResponse:
           Status = 200
    Error message = null
          Headers = [Content-Type:"application/json"]
     Content type = application/json
             Body = {"amount":1500.00,"currency":"BRL","timestamp":"2025-10-27T17:16:47.9637947"}
    Forwarded URL = null
   Redirected URL = null
          Cookies = []
]]></system-out>
  </testcase>
  <testcase name="testGetRevenueZero" classname="com.estapar.parking.controller.RevenueControllerTest" time="0.021">
    <system-out><![CDATA[
MockHttpServletRequest:
      HTTP Method = GET
      Request URI = /revenue
       Parameters = {}
          Headers = [Content-Type:"application/json;charset=UTF-8", Content-Length:"34"]
             Body = {"date":"2024-01-15","sector":"A"}
    Session Attrs = {}

Handler:
             Type = com.estapar.parking.controller.RevenueController
           Method = com.estapar.parking.controller.RevenueController#getRevenue(RevenueRequestDTO)

Async:
    Async started = false
     Async result = null

Resolved Exception:
             Type = null

ModelAndView:
        View name = null
             View = null
            Model = null

FlashMap:
       Attributes = null

MockHttpServletResponse:
           Status = 200
    Error message = null
          Headers = [Content-Type:"application/json"]
     Content type = application/json
             Body = {"amount":0,"currency":"BRL","timestamp":"2025-10-27T17:16:48.0067936"}
    Forwarded URL = null
   Redirected URL = null
          Cookies = []
]]></system-out>
  </testcase>
  <testcase name="testGetRevenueWithSpecialCharactersInSector" classname="com.estapar.parking.controller.RevenueControllerTest" time="0.04">
    <system-out><![CDATA[
MockHttpServletRequest:
      HTTP Method = GET
      Request URI = /revenue
       Parameters = {}
          Headers = [Content-Type:"application/json;charset=UTF-8", Content-Length:"36"]
             Body = {"date":"2024-01-15","sector":"A-1"}
    Session Attrs = {}

Handler:
             Type = com.estapar.parking.controller.RevenueController
           Method = com.estapar.parking.controller.RevenueController#getRevenue(RevenueRequestDTO)

Async:
    Async started = false
     Async result = null

Resolved Exception:
             Type = null

ModelAndView:
        View name = null
             View = null
            Model = null

FlashMap:
       Attributes = null

MockHttpServletResponse:
           Status = 200
    Error message = null
          Headers = [Content-Type:"application/json"]
     Content type = application/json
             Body = {"amount":750.00,"currency":"BRL","timestamp":"2025-10-27T17:16:48.0277936"}
    Forwarded URL = null
   Redirected URL = null
          Cookies = []
]]></system-out>
  </testcase>
  <testcase name="testResponseContainsServiceReturnValue" classname="com.estapar.parking.controller.RevenueControllerTest" time="0.026"/>
  <testcase name="testGetRevenueWithEmptyPayload" classname="com.estapar.parking.controller.RevenueControllerTest" time="0.07">
    <failure message="Status expected:&lt;400&gt; but was:&lt;200&gt;" type="java.lang.AssertionError"><![CDATA[java.lang.AssertionError: Status expected:<400> but was:<200>
	at org.springframework.test.util.AssertionErrors.fail(AssertionErrors.java:59)
	at org.springframework.test.util.AssertionErrors.assertEquals(AssertionErrors.java:122)
	at org.springframework.test.web.servlet.result.StatusResultMatchers.lambda$matcher$9(StatusResultMatchers.java:637)
	at org.springframework.test.web.servlet.MockMvc$1.andExpect(MockMvc.java:214)
	at com.estapar.parking.controller.RevenueControllerTest.testGetRevenueWithEmptyPayload(RevenueControllerTest.java:311)
	at java.base/java.lang.reflect.Method.invoke(Method.java:580)
	at java.base/java.util.ArrayList.forEach(ArrayList.java:1596)
	at java.base/java.util.ArrayList.forEach(ArrayList.java:1596)
]]></failure>
    <system-out><![CDATA[
MockHttpServletRequest:
      HTTP Method = GET
      Request URI = /revenue
       Parameters = {}
          Headers = [Content-Type:"application/json;charset=UTF-8", Content-Length:"2"]
             Body = {}
    Session Attrs = {}

Handler:
             Type = com.estapar.parking.controller.RevenueController
           Method = com.estapar.parking.controller.RevenueController#getRevenue(RevenueRequestDTO)

Async:
    Async started = false
     Async result = null

Resolved Exception:
             Type = null

ModelAndView:
        View name = null
             View = null
            Model = null

FlashMap:
       Attributes = null

MockHttpServletResponse:
           Status = 200
    Error message = null
          Headers = [Content-Type:"application/json"]
     Content type = application/json
             Body = {"amount":null,"currency":"BRL","timestamp":"2025-10-27T17:16:48.1263094"}
    Forwarded URL = null
   Redirected URL = null
          Cookies = []

MockHttpServletRequest:
      HTTP Method = GET
      Request URI = /revenue
       Parameters = {}
          Headers = [Content-Type:"application/json;charset=UTF-8", Content-Length:"2"]
             Body = {}
    Session Attrs = {}

Handler:
             Type = com.estapar.parking.controller.RevenueController
           Method = com.estapar.parking.controller.RevenueController#getRevenue(RevenueRequestDTO)

Async:
    Async started = false
     Async result = null

Resolved Exception:
             Type = null

ModelAndView:
        View name = null
             View = null
            Model = null

FlashMap:
       Attributes = null

MockHttpServletResponse:
           Status = 200
    Error message = null
          Headers = [Content-Type:"application/json"]
     Content type = application/json
             Body = {"amount":null,"currency":"BRL","timestamp":"2025-10-27T17:16:48.1263094"}
    Forwarded URL = null
   Redirected URL = null
          Cookies = []
]]></system-out>
  </testcase>
  <testcase name="testGetRevenueNullPointerException" classname="com.estapar.parking.controller.RevenueControllerTest" time="0.07">
    <system-out><![CDATA[
MockHttpServletRequest:
      HTTP Method = GET
      Request URI = /revenue
       Parameters = {}
          Headers = [Content-Type:"application/json;charset=UTF-8", Content-Length:"34"]
             Body = {"date":"2024-01-15","sector":"A"}
    Session Attrs = {}

Handler:
             Type = com.estapar.parking.controller.RevenueController
           Method = com.estapar.parking.controller.RevenueController#getRevenue(RevenueRequestDTO)

Async:
    Async started = false
     Async result = null

Resolved Exception:
             Type = null

ModelAndView:
        View name = null
             View = null
            Model = null

FlashMap:
       Attributes = null

MockHttpServletResponse:
           Status = 400
    Error message = null
          Headers = []
     Content type = null
             Body = 
    Forwarded URL = null
   Redirected URL = null
          Cookies = []
]]></system-out>
  </testcase>
  <testcase name="testGetRevenueWithEmptySector" classname="com.estapar.parking.controller.RevenueControllerTest" time="0.015">
    <system-out><![CDATA[
MockHttpServletRequest:
      HTTP Method = GET
      Request URI = /revenue
       Parameters = {}
          Headers = [Content-Type:"application/json;charset=UTF-8", Content-Length:"33"]
             Body = {"date":"2024-01-15","sector":""}
    Session Attrs = {}

Handler:
             Type = com.estapar.parking.controller.RevenueController
           Method = com.estapar.parking.controller.RevenueController#getRevenue(RevenueRequestDTO)

Async:
    Async started = false
     Async result = null

Resolved Exception:
             Type = null

ModelAndView:
        View name = null
             View = null
            Model = null

FlashMap:
       Attributes = null

MockHttpServletResponse:
           Status = 400
    Error message = null
          Headers = []
     Content type = null
             Body = 
    Forwarded URL = null
   Redirected URL = null
          Cookies = []
]]></system-out>
  </testcase>
  <testcase name="testGetRevenueWithInvalidDateFormat" classname="com.estapar.parking.controller.RevenueControllerTest" time="0.016">
    <system-out><![CDATA[2025-10-27T17:16:48.281-03:00  WARN 16908 --- [estapar-parking] [           main] .w.s.m.s.DefaultHandlerExceptionResolver : Resolved [org.springframework.http.converter.HttpMessageNotReadableException: JSON parse error: Cannot deserialize value of type `java.time.LocalDate` from String "invalid-date": Failed to deserialize java.time.LocalDate: (java.time.format.DateTimeParseException) Text 'invalid-date' could not be parsed at index 0]

MockHttpServletRequest:
      HTTP Method = GET
      Request URI = /revenue
       Parameters = {}
          Headers = [Content-Type:"application/json;charset=UTF-8", Content-Length:"36"]
             Body = {"date":"invalid-date","sector":"A"}
    Session Attrs = {}

Handler:
             Type = com.estapar.parking.controller.RevenueController
           Method = com.estapar.parking.controller.RevenueController#getRevenue(RevenueRequestDTO)

Async:
    Async started = false
     Async result = null

Resolved Exception:
             Type = org.springframework.http.converter.HttpMessageNotReadableException

ModelAndView:
        View name = null
             View = null
            Model = null

FlashMap:
       Attributes = null

MockHttpServletResponse:
           Status = 400
    Error message = null
          Headers = []
     Content type = null
             Body = 
    Forwarded URL = null
   Redirected URL = null
          Cookies = []
]]></system-out>
  </testcase>
  <testcase name="testServiceAlwaysCalledOnSuccess" classname="com.estapar.parking.controller.RevenueControllerTest" time="0.033"/>
</testsuite>