<?xml version="1.0" encoding="UTF-8"?>
<testsuite xmlns:xsi="http://www.w3.org/2001/XMLSchema-instance" xsi:noNamespaceSchemaLocation="https://maven.apache.org/surefire/maven-surefire-plugin/xsd/surefire-test-report-3.0.xsd" version="3.0" name="com.estapar.parking.controller.WebhookControllerTest" time="2.943" tests="26" errors="11" skipped="0" failures="0">
  <properties>
[...]
</properties>
  <testcase name="testHandleEventTypeWithSpaces" classname="com.estapar.parking.controller.WebhookControllerTest" time="0.045">
    <system-out><![CDATA[2025-10-27T17:16:48.392-03:00  INFO 16908 --- [estapar-parking] [           main] t.c.s.AnnotationConfigContextLoaderUtils : Could not detect default configuration classes for test class [com.estapar.parking.controller.WebhookControllerTest]: WebhookControllerTest does not declare any static, non-private, non-final, nested classes annotated with @Configuration.
2025-10-27T17:16:48.433-03:00  INFO 16908 --- [estapar-parking] [           main] .b.t.c.SpringBootTestContextBootstrapper : Found @SpringBootConfiguration com.estapar.parking.ParkingApplication for test class com.estapar.parking.controller.WebhookControllerTest

  .   ____          _            __ _ _
 /\\ / ___'_ __ _ _(_)_ __  __ _ \ \ \ \
( ( )\___ | '_ | '_| | '_ \/ _` | \ \ \ \
 \\/  ___)| |_)| | | | | || (_| |  ) ) ) )
  '  |____| .__|_| |_|_| |_\__, | / / / /
 =========|_|==============|___/=/_/_/_/
 :: Spring Boot ::                (v3.2.0)

2025-10-27T17:16:48.762-03:00  INFO 16908 --- [estapar-parking] [           main] c.e.p.controller.WebhookControllerTest   : Starting WebhookControllerTest using Java 21.0.8 with PID 16908 (started by will_ in C:\Projeto\parking)
2025-10-27T17:16:48.763-03:00 DEBUG 16908 --- [estapar-parking] [           main] c.e.p.controller.WebhookControllerTest   : Running with Spring Boot v3.2.0, Spring v6.1.1
2025-10-27T17:16:48.773-03:00  INFO 16908 --- [estapar-parking] [           main] c.e.p.controller.WebhookControllerTest   : No active profile set, falling back to 1 default profile: "default"
2025-10-27T17:16:50.097-03:00  INFO 16908 --- [estapar-parking] [           main] o.s.b.t.m.w.SpringBootMockServletContext : Initializing Spring TestDispatcherServlet ''
2025-10-27T17:16:50.097-03:00  INFO 16908 --- [estapar-parking] [           main] o.s.t.web.servlet.TestDispatcherServlet  : Initializing Servlet ''
2025-10-27T17:16:50.099-03:00  INFO 16908 --- [estapar-parking] [           main] o.s.t.web.servlet.TestDispatcherServlet  : Completed initialization in 2 ms
2025-10-27T17:16:50.134-03:00  INFO 16908 --- [estapar-parking] [           main] c.e.p.controller.WebhookControllerTest   : Started WebhookControllerTest in 1.693 seconds (process running for 19.036)

MockHttpServletRequest:
      HTTP Method = POST
      Request URI = /webhook
       Parameters = {}
          Headers = [Content-Type:"application/json;charset=UTF-8", Content-Length:"132"]
             Body = {"license_plate":"ABC1234","entry_time":"2025-10-27T17:16:50.2063194","exit_time":null,"event_type":" ENTRY ","lat":null,"lng":null}
    Session Attrs = {}

Handler:
             Type = com.estapar.parking.controller.WebhookController
           Method = com.estapar.parking.controller.WebhookController#handleWebhook(WebhookEventDTO)

Async:
    Async started = false
     Async result = null

Resolved Exception:
             Type = null

ModelAndView:
        View name = null
             View = null
            Model = null

FlashMap:
       Attributes = null

MockHttpServletResponse:
           Status = 400
    Error message = null
          Headers = []
     Content type = null
             Body = 
    Forwarded URL = null
   Redirected URL = null
          Cookies = []
]]></system-out>
  </testcase>
  <testcase name="testHandleEntryVehicleAlreadyParkedException" classname="com.estapar.parking.controller.WebhookControllerTest" time="0.062">
    <system-out><![CDATA[
MockHttpServletRequest:
      HTTP Method = POST
      Request URI = /webhook
       Parameters = {}
          Headers = [Content-Type:"application/json;charset=UTF-8", Content-Length:"130"]
             Body = {"license_plate":"ABC1234","entry_time":"2025-10-27T17:16:50.2841241","exit_time":null,"event_type":"ENTRY","lat":null,"lng":null}
    Session Attrs = {}

Handler:
             Type = com.estapar.parking.controller.WebhookController
           Method = com.estapar.parking.controller.WebhookController#handleWebhook(WebhookEventDTO)

Async:
    Async started = false
     Async result = null

Resolved Exception:
             Type = null

ModelAndView:
        View name = null
             View = null
            Model = null

FlashMap:
       Attributes = null

MockHttpServletResponse:
           Status = 409
    Error message = null
          Headers = []
     Content type = null
             Body = 
    Forwarded URL = null
   Redirected URL = null
          Cookies = []
]]></system-out>
  </testcase>
  <testcase name="testHandleEntryGenericException" classname="com.estapar.parking.controller.WebhookControllerTest" time="0.081">
    <system-out><![CDATA[
MockHttpServletRequest:
      HTTP Method = POST
      Request URI = /webhook
       Parameters = {}
          Headers = [Content-Type:"application/json;charset=UTF-8", Content-Length:"130"]
             Body = {"license_plate":"ABC1234","entry_time":"2025-10-27T17:16:50.3543933","exit_time":null,"event_type":"ENTRY","lat":null,"lng":null}
    Session Attrs = {}

Handler:
             Type = com.estapar.parking.controller.WebhookController
           Method = com.estapar.parking.controller.WebhookController#handleWebhook(WebhookEventDTO)

Async:
    Async started = false
     Async result = null

Resolved Exception:
             Type = null

ModelAndView:
        View name = null
             View = null
            Model = null

FlashMap:
       Attributes = null

MockHttpServletResponse:
           Status = 500
    Error message = null
          Headers = []
     Content type = null
             Body = 
    Forwarded URL = null
   Redirected URL = null
          Cookies = []
]]></system-out>
  </testcase>
  <testcase name="testHandleInvalidEventType" classname="com.estapar.parking.controller.WebhookControllerTest" time="0.015">
    <system-out><![CDATA[
MockHttpServletRequest:
      HTTP Method = POST
      Request URI = /webhook
       Parameters = {}
          Headers = [Content-Type:"application/json;charset=UTF-8", Content-Length:"112"]
             Body = {"license_plate":"ABC1234","entry_time":null,"exit_time":null,"event_type":"INVALID_TYPE","lat":null,"lng":null}
    Session Attrs = {}

Handler:
             Type = com.estapar.parking.controller.WebhookController
           Method = com.estapar.parking.controller.WebhookController#handleWebhook(WebhookEventDTO)

Async:
    Async started = false
     Async result = null

Resolved Exception:
             Type = null

ModelAndView:
        View name = null
             View = null
            Model = null

FlashMap:
       Attributes = null

MockHttpServletResponse:
           Status = 400
    Error message = null
          Headers = []
     Content type = null
             Body = 
    Forwarded URL = null
   Redirected URL = null
          Cookies = []
]]></system-out>
  </testcase>
  <testcase name="testHandleExitSuccess" classname="com.estapar.parking.controller.WebhookControllerTest" time="0.075">
    <error message="&#10;Only void methods can doNothing()!&#10;Example of correct use of doNothing():&#10;    doNothing().&#10;    doThrow(new RuntimeException())&#10;    .when(mock).someVoidMethod();&#10;Above means:&#10;someVoidMethod() does nothing the 1st time but throws an exception the 2nd time is called" type="org.mockito.exceptions.base.MockitoException"><![CDATA[org.mockito.exceptions.base.MockitoException: 

Only void methods can doNothing()!
Example of correct use of doNothing():
    doNothing().
    doThrow(new RuntimeException())
    .when(mock).someVoidMethod();
Above means:
someVoidMethod() does nothing the 1st time but throws an exception the 2nd time is called
	at com.estapar.parking.service.ParkingService.handleExit(ParkingService.java:138)
	at com.estapar.parking.controller.WebhookControllerTest.testHandleExitSuccess(WebhookControllerTest.java:129)
	at java.base/java.lang.reflect.Method.invoke(Method.java:580)
	at java.base/java.util.ArrayList.forEach(ArrayList.java:1596)
	at java.base/java.util.ArrayList.forEach(ArrayList.java:1596)
]]></error>
  </testcase>
  <testcase name="testHandleParkedLowerCase" classname="com.estapar.parking.controller.WebhookControllerTest" time="0.03">
    <error message="&#10;Only void methods can doNothing()!&#10;Example of correct use of doNothing():&#10;    doNothing().&#10;    doThrow(new RuntimeException())&#10;    .when(mock).someVoidMethod();&#10;Above means:&#10;someVoidMethod() does nothing the 1st time but throws an exception the 2nd time is called" type="org.mockito.exceptions.base.MockitoException"><![CDATA[org.mockito.exceptions.base.MockitoException: 

Only void methods can doNothing()!
Example of correct use of doNothing():
    doNothing().
    doThrow(new RuntimeException())
    .when(mock).someVoidMethod();
Above means:
someVoidMethod() does nothing the 1st time but throws an exception the 2nd time is called
	at com.estapar.parking.service.ParkingService.handleParked(ParkingService.java:95)
	at com.estapar.parking.controller.WebhookControllerTest.testHandleParkedLowerCase(WebhookControllerTest.java:389)
	at java.base/java.lang.reflect.Method.invoke(Method.java:580)
	at java.base/java.util.ArrayList.forEach(ArrayList.java:1596)
	at java.base/java.util.ArrayList.forEach(ArrayList.java:1596)
]]></error>
  </testcase>
  <testcase name="testHandleExitVehicleNotFoundException" classname="com.estapar.parking.controller.WebhookControllerTest" time="0.019">
    <system-out><![CDATA[
MockHttpServletRequest:
      HTTP Method = POST
      Request URI = /webhook
       Parameters = {}
          Headers = [Content-Type:"application/json;charset=UTF-8", Content-Length:"129"]
             Body = {"license_plate":"ABC1234","entry_time":null,"exit_time":"2025-10-27T17:16:50.5598346","event_type":"EXIT","lat":null,"lng":null}
    Session Attrs = {}

Handler:
             Type = com.estapar.parking.controller.WebhookController
           Method = com.estapar.parking.controller.WebhookController#handleWebhook(WebhookEventDTO)

Async:
    Async started = false
     Async result = null

Resolved Exception:
             Type = null

ModelAndView:
        View name = null
             View = null
            Model = null

FlashMap:
       Attributes = null

MockHttpServletResponse:
           Status = 404
    Error message = null
          Headers = []
     Content type = null
             Body = 
    Forwarded URL = null
   Redirected URL = null
          Cookies = []
]]></system-out>
  </testcase>
  <testcase name="testOnlyParkedCallsHandleParked" classname="com.estapar.parking.controller.WebhookControllerTest" time="0.011">
    <error message="&#10;Only void methods can doNothing()!&#10;Example of correct use of doNothing():&#10;    doNothing().&#10;    doThrow(new RuntimeException())&#10;    .when(mock).someVoidMethod();&#10;Above means:&#10;someVoidMethod() does nothing the 1st time but throws an exception the 2nd time is called" type="org.mockito.exceptions.base.MockitoException"><![CDATA[org.mockito.exceptions.base.MockitoException: 

Only void methods can doNothing()!
Example of correct use of doNothing():
    doNothing().
    doThrow(new RuntimeException())
    .when(mock).someVoidMethod();
Above means:
someVoidMethod() does nothing the 1st time but throws an exception the 2nd time is called
	at com.estapar.parking.service.ParkingService.handleEntry(ParkingService.java:38)
	at com.estapar.parking.controller.WebhookControllerTest.testOnlyParkedCallsHandleParked(WebhookControllerTest.java:530)
	at java.base/java.lang.reflect.Method.invoke(Method.java:580)
	at java.base/java.util.ArrayList.forEach(ArrayList.java:1596)
	at java.base/java.util.ArrayList.forEach(ArrayList.java:1596)
]]></error>
  </testcase>
  <testcase name="testHandleNullEventType" classname="com.estapar.parking.controller.WebhookControllerTest" time="0.018">
    <system-out><![CDATA[
MockHttpServletRequest:
      HTTP Method = POST
      Request URI = /webhook
       Parameters = {}
          Headers = [Content-Type:"application/json;charset=UTF-8", Content-Length:"102"]
             Body = {"license_plate":"ABC1234","entry_time":null,"exit_time":null,"event_type":null,"lat":null,"lng":null}
    Session Attrs = {}

Handler:
             Type = com.estapar.parking.controller.WebhookController
           Method = com.estapar.parking.controller.WebhookController#handleWebhook(WebhookEventDTO)

Async:
    Async started = false
     Async result = null

Resolved Exception:
             Type = null

ModelAndView:
        View name = null
             View = null
            Model = null

FlashMap:
       Attributes = null

MockHttpServletResponse:
           Status = 400
    Error message = null
          Headers = []
     Content type = null
             Body = 
    Forwarded URL = null
   Redirected URL = null
          Cookies = []
]]></system-out>
  </testcase>
  <testcase name="testHandleCompleteSequence" classname="com.estapar.parking.controller.WebhookControllerTest" time="0.009">
    <error message="&#10;Only void methods can doNothing()!&#10;Example of correct use of doNothing():&#10;    doNothing().&#10;    doThrow(new RuntimeException())&#10;    .when(mock).someVoidMethod();&#10;Above means:&#10;someVoidMethod() does nothing the 1st time but throws an exception the 2nd time is called" type="org.mockito.exceptions.base.MockitoException"><![CDATA[org.mockito.exceptions.base.MockitoException: 

Only void methods can doNothing()!
Example of correct use of doNothing():
    doNothing().
    doThrow(new RuntimeException())
    .when(mock).someVoidMethod();
Above means:
someVoidMethod() does nothing the 1st time but throws an exception the 2nd time is called
	at com.estapar.parking.service.ParkingService.handleEntry(ParkingService.java:38)
	at com.estapar.parking.controller.WebhookControllerTest.testHandleCompleteSequence(WebhookControllerTest.java:476)
	at java.base/java.lang.reflect.Method.invoke(Method.java:580)
	at java.base/java.util.ArrayList.forEach(ArrayList.java:1596)
	at java.base/java.util.ArrayList.forEach(ArrayList.java:1596)
]]></error>
  </testcase>
  <testcase name="testHandleEntryParkingFullException" classname="com.estapar.parking.controller.WebhookControllerTest" time="0.048">
    <system-out><![CDATA[
MockHttpServletRequest:
      HTTP Method = POST
      Request URI = /webhook
       Parameters = {}
          Headers = [Content-Type:"application/json;charset=UTF-8", Content-Length:"130"]
             Body = {"license_plate":"ABC1234","entry_time":"2025-10-27T17:16:50.6673175","exit_time":null,"event_type":"ENTRY","lat":null,"lng":null}
    Session Attrs = {}

Handler:
             Type = com.estapar.parking.controller.WebhookController
           Method = com.estapar.parking.controller.WebhookController#handleWebhook(WebhookEventDTO)

Async:
    Async started = false
     Async result = null

Resolved Exception:
             Type = null

ModelAndView:
        View name = null
             View = null
            Model = null

FlashMap:
       Attributes = null

MockHttpServletResponse:
           Status = 409
    Error message = null
          Headers = []
     Content type = null
             Body = 
    Forwarded URL = null
   Redirected URL = null
          Cookies = []
]]></system-out>
  </testcase>
  <testcase name="testHandleEntryLowerCase" classname="com.estapar.parking.controller.WebhookControllerTest" time="0.011">
    <error message="&#10;Only void methods can doNothing()!&#10;Example of correct use of doNothing():&#10;    doNothing().&#10;    doThrow(new RuntimeException())&#10;    .when(mock).someVoidMethod();&#10;Above means:&#10;someVoidMethod() does nothing the 1st time but throws an exception the 2nd time is called" type="org.mockito.exceptions.base.MockitoException"><![CDATA[org.mockito.exceptions.base.MockitoException: 

Only void methods can doNothing()!
Example of correct use of doNothing():
    doNothing().
    doThrow(new RuntimeException())
    .when(mock).someVoidMethod();
Above means:
someVoidMethod() does nothing the 1st time but throws an exception the 2nd time is called
	at com.estapar.parking.service.ParkingService.handleEntry(ParkingService.java:38)
	at com.estapar.parking.controller.WebhookControllerTest.testHandleEntryLowerCase(WebhookControllerTest.java:372)
	at java.base/java.lang.reflect.Method.invoke(Method.java:580)
	at java.base/java.util.ArrayList.forEach(ArrayList.java:1596)
	at java.base/java.util.ArrayList.forEach(ArrayList.java:1596)
]]></error>
  </testcase>
  <testcase name="testOnlyEntryCallsHandleEntry" classname="com.estapar.parking.controller.WebhookControllerTest" time="0.017">
    <error message="&#10;Only void methods can doNothing()!&#10;Example of correct use of doNothing():&#10;    doNothing().&#10;    doThrow(new RuntimeException())&#10;    .when(mock).someVoidMethod();&#10;Above means:&#10;someVoidMethod() does nothing the 1st time but throws an exception the 2nd time is called" type="org.mockito.exceptions.base.MockitoException"><![CDATA[org.mockito.exceptions.base.MockitoException: 

Only void methods can doNothing()!
Example of correct use of doNothing():
    doNothing().
    doThrow(new RuntimeException())
    .when(mock).someVoidMethod();
Above means:
someVoidMethod() does nothing the 1st time but throws an exception the 2nd time is called
	at com.estapar.parking.service.ParkingService.handleEntry(ParkingService.java:38)
	at com.estapar.parking.controller.WebhookControllerTest.testOnlyEntryCallsHandleEntry(WebhookControllerTest.java:510)
	at java.base/java.lang.reflect.Method.invoke(Method.java:580)
	at java.base/java.util.ArrayList.forEach(ArrayList.java:1596)
	at java.base/java.util.ArrayList.forEach(ArrayList.java:1596)
]]></error>
  </testcase>
  <testcase name="testHandleEntrySuccess" classname="com.estapar.parking.controller.WebhookControllerTest" time="0.008">
    <error message="&#10;Only void methods can doNothing()!&#10;Example of correct use of doNothing():&#10;    doNothing().&#10;    doThrow(new RuntimeException())&#10;    .when(mock).someVoidMethod();&#10;Above means:&#10;someVoidMethod() does nothing the 1st time but throws an exception the 2nd time is called" type="org.mockito.exceptions.base.MockitoException"><![CDATA[org.mockito.exceptions.base.MockitoException: 

Only void methods can doNothing()!
Example of correct use of doNothing():
    doNothing().
    doThrow(new RuntimeException())
    .when(mock).someVoidMethod();
Above means:
someVoidMethod() does nothing the 1st time but throws an exception the 2nd time is called
	at com.estapar.parking.service.ParkingService.handleEntry(ParkingService.java:38)
	at com.estapar.parking.controller.WebhookControllerTest.testHandleEntrySuccess(WebhookControllerTest.java:91)
	at java.base/java.lang.reflect.Method.invoke(Method.java:580)
	at java.base/java.util.ArrayList.forEach(ArrayList.java:1596)
	at java.base/java.util.ArrayList.forEach(ArrayList.java:1596)
]]></error>
  </testcase>
  <testcase name="testHandleParkedVehicleAlreadyParkedException" classname="com.estapar.parking.controller.WebhookControllerTest" time="0.03">
    <system-out><![CDATA[
MockHttpServletRequest:
      HTTP Method = POST
      Request URI = /webhook
       Parameters = {}
          Headers = [Content-Type:"application/json;charset=UTF-8", Content-Length:"118"]
             Body = {"license_plate":"ABC1234","entry_time":null,"exit_time":null,"event_type":"PARKED","lat":-23.561684,"lng":-46.655981}
    Session Attrs = {}

Handler:
             Type = com.estapar.parking.controller.WebhookController
           Method = com.estapar.parking.controller.WebhookController#handleWebhook(WebhookEventDTO)

Async:
    Async started = false
     Async result = null

Resolved Exception:
             Type = null

ModelAndView:
        View name = null
             View = null
            Model = null

FlashMap:
       Attributes = null

MockHttpServletResponse:
           Status = 409
    Error message = null
          Headers = []
     Content type = null
             Body = 
    Forwarded URL = null
   Redirected URL = null
          Cookies = []
]]></system-out>
  </testcase>
  <testcase name="testHandleParkedVehicleNotFoundException" classname="com.estapar.parking.controller.WebhookControllerTest" time="0.069">
    <system-out><![CDATA[
MockHttpServletRequest:
      HTTP Method = POST
      Request URI = /webhook
       Parameters = {}
          Headers = [Content-Type:"application/json;charset=UTF-8", Content-Length:"118"]
             Body = {"license_plate":"ABC1234","entry_time":null,"exit_time":null,"event_type":"PARKED","lat":-23.561684,"lng":-46.655981}
    Session Attrs = {}

Handler:
             Type = com.estapar.parking.controller.WebhookController
           Method = com.estapar.parking.controller.WebhookController#handleWebhook(WebhookEventDTO)

Async:
    Async started = false
     Async result = null

Resolved Exception:
             Type = null

ModelAndView:
        View name = null
             View = null
            Model = null

FlashMap:
       Attributes = null

MockHttpServletResponse:
           Status = 404
    Error message = null
          Headers = []
     Content type = null
             Body = 
    Forwarded URL = null
   Redirected URL = null
          Cookies = []
]]></system-out>
  </testcase>
  <testcase name="testHandleEmptyPayload" classname="com.estapar.parking.controller.WebhookControllerTest" time="0.043">
    <system-out><![CDATA[
MockHttpServletRequest:
      HTTP Method = POST
      Request URI = /webhook
       Parameters = {}
          Headers = [Content-Type:"application/json;charset=UTF-8", Content-Length:"2"]
             Body = {}
    Session Attrs = {}

Handler:
             Type = com.estapar.parking.controller.WebhookController
           Method = com.estapar.parking.controller.WebhookController#handleWebhook(WebhookEventDTO)

Async:
    Async started = false
     Async result = null

Resolved Exception:
             Type = null

ModelAndView:
        View name = null
             View = null
            Model = null

FlashMap:
       Attributes = null

MockHttpServletResponse:
           Status = 400
    Error message = null
          Headers = []
     Content type = null
             Body = 
    Forwarded URL = null
   Redirected URL = null
          Cookies = []
]]></system-out>
  </testcase>
  <testcase name="testHandleExitGenericException" classname="com.estapar.parking.controller.WebhookControllerTest" time="0.043">
    <system-out><![CDATA[
MockHttpServletRequest:
      HTTP Method = POST
      Request URI = /webhook
       Parameters = {}
          Headers = [Content-Type:"application/json;charset=UTF-8", Content-Length:"128"]
             Body = {"license_plate":"ABC1234","entry_time":null,"exit_time":"2025-10-27T17:16:50.973494","event_type":"EXIT","lat":null,"lng":null}
    Session Attrs = {}

Handler:
             Type = com.estapar.parking.controller.WebhookController
           Method = com.estapar.parking.controller.WebhookController#handleWebhook(WebhookEventDTO)

Async:
    Async started = false
     Async result = null

Resolved Exception:
             Type = null

ModelAndView:
        View name = null
             View = null
            Model = null

FlashMap:
       Attributes = null

MockHttpServletResponse:
           Status = 500
    Error message = null
          Headers = []
     Content type = null
             Body = 
    Forwarded URL = null
   Redirected URL = null
          Cookies = []
]]></system-out>
  </testcase>
  <testcase name="testHandleParkedSuccess" classname="com.estapar.parking.controller.WebhookControllerTest" time="0.028">
    <error message="&#10;Only void methods can doNothing()!&#10;Example of correct use of doNothing():&#10;    doNothing().&#10;    doThrow(new RuntimeException())&#10;    .when(mock).someVoidMethod();&#10;Above means:&#10;someVoidMethod() does nothing the 1st time but throws an exception the 2nd time is called" type="org.mockito.exceptions.base.MockitoException"><![CDATA[org.mockito.exceptions.base.MockitoException: 

Only void methods can doNothing()!
Example of correct use of doNothing():
    doNothing().
    doThrow(new RuntimeException())
    .when(mock).someVoidMethod();
Above means:
someVoidMethod() does nothing the 1st time but throws an exception the 2nd time is called
	at com.estapar.parking.service.ParkingService.handleParked(ParkingService.java:95)
	at com.estapar.parking.controller.WebhookControllerTest.testHandleParkedSuccess(WebhookControllerTest.java:110)
	at java.base/java.lang.reflect.Method.invoke(Method.java:580)
	at java.base/java.util.ArrayList.forEach(ArrayList.java:1596)
	at java.base/java.util.ArrayList.forEach(ArrayList.java:1596)
]]></error>
  </testcase>
  <testcase name="testHandleParkedGenericException" classname="com.estapar.parking.controller.WebhookControllerTest" time="0.043">
    <system-out><![CDATA[
MockHttpServletRequest:
      HTTP Method = POST
      Request URI = /webhook
       Parameters = {}
          Headers = [Content-Type:"application/json;charset=UTF-8", Content-Length:"118"]
             Body = {"license_plate":"ABC1234","entry_time":null,"exit_time":null,"event_type":"PARKED","lat":-23.561684,"lng":-46.655981}
    Session Attrs = {}

Handler:
             Type = com.estapar.parking.controller.WebhookController
           Method = com.estapar.parking.controller.WebhookController#handleWebhook(WebhookEventDTO)

Async:
    Async started = false
     Async result = null

Resolved Exception:
             Type = null

ModelAndView:
        View name = null
             View = null
            Model = null

FlashMap:
       Attributes = null

MockHttpServletResponse:
           Status = 500
    Error message = null
          Headers = []
     Content type = null
             Body = 
    Forwarded URL = null
   Redirected URL = null
          Cookies = []
]]></system-out>
  </testcase>
  <testcase name="testHandleInvalidJson" classname="com.estapar.parking.controller.WebhookControllerTest" time="0.075">
    <system-out><![CDATA[2025-10-27T17:16:51.119-03:00  WARN 16908 --- [estapar-parking] [           main] .w.s.m.s.DefaultHandlerExceptionResolver : Resolved [org.springframework.http.converter.HttpMessageNotReadableException: JSON parse error: Unexpected character ('i' (code 105)): was expecting double-quote to start field name]

MockHttpServletRequest:
      HTTP Method = POST
      Request URI = /webhook
       Parameters = {}
          Headers = [Content-Type:"application/json;charset=UTF-8", Content-Length:"14"]
             Body = {invalid json}
    Session Attrs = {}

Handler:
             Type = com.estapar.parking.controller.WebhookController
           Method = com.estapar.parking.controller.WebhookController#handleWebhook(WebhookEventDTO)

Async:
    Async started = false
     Async result = null

Resolved Exception:
             Type = org.springframework.http.converter.HttpMessageNotReadableException

ModelAndView:
        View name = null
             View = null
            Model = null

FlashMap:
       Attributes = null

MockHttpServletResponse:
           Status = 400
    Error message = null
          Headers = []
     Content type = null
             Body = 
    Forwarded URL = null
   Redirected URL = null
          Cookies = []
]]></system-out>
  </testcase>
  <testcase name="testHandleMultipleEntryEvents" classname="com.estapar.parking.controller.WebhookControllerTest" time="0.024">
    <error message="&#10;Only void methods can doNothing()!&#10;Example of correct use of doNothing():&#10;    doNothing().&#10;    doThrow(new RuntimeException())&#10;    .when(mock).someVoidMethod();&#10;Above means:&#10;someVoidMethod() does nothing the 1st time but throws an exception the 2nd time is called" type="org.mockito.exceptions.base.MockitoException"><![CDATA[org.mockito.exceptions.base.MockitoException: 

Only void methods can doNothing()!
Example of correct use of doNothing():
    doNothing().
    doThrow(new RuntimeException())
    .when(mock).someVoidMethod();
Above means:
someVoidMethod() does nothing the 1st time but throws an exception the 2nd time is called
	at com.estapar.parking.service.ParkingService.handleEntry(ParkingService.java:38)
	at com.estapar.parking.controller.WebhookControllerTest.testHandleMultipleEntryEvents(WebhookControllerTest.java:454)
	at java.base/java.lang.reflect.Method.invoke(Method.java:580)
	at java.base/java.util.ArrayList.forEach(ArrayList.java:1596)
	at java.base/java.util.ArrayList.forEach(ArrayList.java:1596)
]]></error>
  </testcase>
  <testcase name="testOnlyExitCallsHandleExit" classname="com.estapar.parking.controller.WebhookControllerTest" time="0.015">
    <error message="&#10;Only void methods can doNothing()!&#10;Example of correct use of doNothing():&#10;    doNothing().&#10;    doThrow(new RuntimeException())&#10;    .when(mock).someVoidMethod();&#10;Above means:&#10;someVoidMethod() does nothing the 1st time but throws an exception the 2nd time is called" type="org.mockito.exceptions.base.MockitoException"><![CDATA[org.mockito.exceptions.base.MockitoException: 

Only void methods can doNothing()!
Example of correct use of doNothing():
    doNothing().
    doThrow(new RuntimeException())
    .when(mock).someVoidMethod();
Above means:
someVoidMethod() does nothing the 1st time but throws an exception the 2nd time is called
	at com.estapar.parking.service.ParkingService.handleEntry(ParkingService.java:38)
	at com.estapar.parking.controller.WebhookControllerTest.testOnlyExitCallsHandleExit(WebhookControllerTest.java:550)
	at java.base/java.lang.reflect.Method.invoke(Method.java:580)
	at java.base/java.util.ArrayList.forEach(ArrayList.java:1596)
	at java.base/java.util.ArrayList.forEach(ArrayList.java:1596)
]]></error>
  </testcase>
  <testcase name="testHandleExitLowerCase" classname="com.estapar.parking.controller.WebhookControllerTest" time="0.008">
    <error message="&#10;Only void methods can doNothing()!&#10;Example of correct use of doNothing():&#10;    doNothing().&#10;    doThrow(new RuntimeException())&#10;    .when(mock).someVoidMethod();&#10;Above means:&#10;someVoidMethod() does nothing the 1st time but throws an exception the 2nd time is called" type="org.mockito.exceptions.base.MockitoException"><![CDATA[org.mockito.exceptions.base.MockitoException: 

Only void methods can doNothing()!
Example of correct use of doNothing():
    doNothing().
    doThrow(new RuntimeException())
    .when(mock).someVoidMethod();
Above means:
someVoidMethod() does nothing the 1st time but throws an exception the 2nd time is called
	at com.estapar.parking.service.ParkingService.handleExit(ParkingService.java:138)
	at com.estapar.parking.controller.WebhookControllerTest.testHandleExitLowerCase(WebhookControllerTest.java:406)
	at java.base/java.lang.reflect.Method.invoke(Method.java:580)
	at java.base/java.util.ArrayList.forEach(ArrayList.java:1596)
	at java.base/java.util.ArrayList.forEach(ArrayList.java:1596)
]]></error>
  </testcase>
  <testcase name="testHandleEmptyEventType" classname="com.estapar.parking.controller.WebhookControllerTest" time="0.008">
    <system-out><![CDATA[
MockHttpServletRequest:
      HTTP Method = POST
      Request URI = /webhook
       Parameters = {}
          Headers = [Content-Type:"application/json;charset=UTF-8", Content-Length:"125"]
             Body = {"license_plate":"ABC1234","entry_time":"2025-10-27T17:16:51.2698072","exit_time":null,"event_type":"","lat":null,"lng":null}
    Session Attrs = {}

Handler:
             Type = com.estapar.parking.controller.WebhookController
           Method = com.estapar.parking.controller.WebhookController#handleWebhook(WebhookEventDTO)

Async:
    Async started = false
     Async result = null

Resolved Exception:
             Type = null

ModelAndView:
        View name = null
             View = null
            Model = null

FlashMap:
       Attributes = null

MockHttpServletResponse:
           Status = 400
    Error message = null
          Headers = []
     Content type = null
             Body = 
    Forwarded URL = null
   Redirected URL = null
          Cookies = []
]]></system-out>
  </testcase>
  <testcase name="testHandleParkedParkingFullException" classname="com.estapar.parking.controller.WebhookControllerTest" time="0.012">
    <system-out><![CDATA[
MockHttpServletRequest:
      HTTP Method = POST
      Request URI = /webhook
       Parameters = {}
          Headers = [Content-Type:"application/json;charset=UTF-8", Content-Length:"118"]
             Body = {"license_plate":"ABC1234","entry_time":null,"exit_time":null,"event_type":"PARKED","lat":-23.561684,"lng":-46.655981}
    Session Attrs = {}

Handler:
             Type = com.estapar.parking.controller.WebhookController
           Method = com.estapar.parking.controller.WebhookController#handleWebhook(WebhookEventDTO)

Async:
    Async started = false
     Async result = null

Resolved Exception:
             Type = null

ModelAndView:
        View name = null
             View = null
            Model = null

FlashMap:
       Attributes = null

MockHttpServletResponse:
           Status = 409
    Error message = null
          Headers = []
     Content type = null
             Body = 
    Forwarded URL = null
   Redirected URL = null
          Cookies = []
]]></system-out>
  </testcase>
</testsuite>